\BOOKMARK [0][-]{chapter.1}{\376\377\000A\000c\000t\000i\000v\000a\000t\000i\000o\000n\000\137\000f\000u\000n\000c\000t\000i\000o\000n\000s}{}% 1
\BOOKMARK [1][-]{section.1.1}{\376\377\150\070\137\303\133\232\116\111}{chapter.1}% 2
\BOOKMARK [1][-]{section.1.2}{\376\377\150\070\137\303\123\237\164\006\116\016\136\070\165\050\121\375\145\160}{chapter.1}% 3
\BOOKMARK [2][-]{subsection.1.2.1}{\376\377\0001\000.\000\040\000S\000i\000g\000m\000o\000i\000d\000\040\121\375\145\160}{section.1.2}% 4
\BOOKMARK [2][-]{subsection.1.2.2}{\376\377\0002\000.\000\040\000T\000a\000n\000h\000\040\121\375\145\160\000\040\000\050\123\314\146\362\153\143\122\007\000\051}{section.1.2}% 5
\BOOKMARK [2][-]{subsection.1.2.3}{\376\377\0003\000.\000\040\000R\000e\000L\000U\000\040\000\050\000R\000e\000c\000t\000i\000f\000i\000e\000d\000\040\000L\000i\000n\000e\000a\000r\000\040\000U\000n\000i\000t\000\051}{section.1.2}% 6
\BOOKMARK [2][-]{subsection.1.2.4}{\376\377\0004\000.\000\040\000L\000e\000a\000k\000y\000\040\000R\000e\000L\000U}{section.1.2}% 7
\BOOKMARK [2][-]{subsection.1.2.5}{\376\377\0005\000.\000\040\000G\000E\000L\000U\000\040\000\050\000G\000a\000u\000s\000s\000i\000a\000n\000\040\000E\000r\000r\000o\000r\000\040\000L\000i\000n\000e\000a\000r\000\040\000U\000n\000i\000t\000\051}{section.1.2}% 8
\BOOKMARK [1][-]{section.1.3}{\376\377\116\045\214\050\145\160\133\146\121\154\137\017\116\016\133\374\145\160\143\250\133\374}{chapter.1}% 9
\BOOKMARK [1][-]{section.1.4}{\376\377\152\041\127\213\176\323\147\204\116\055\166\204\117\115\177\156}{chapter.1}% 10
\BOOKMARK [1][-]{section.1.5}{\376\377\121\163\225\056\116\343\170\001\162\107\153\265\000\040\000\050\000P\000y\000T\000o\000r\000c\000h\133\236\163\260\000\051}{chapter.1}% 11
\BOOKMARK [1][-]{section.1.6}{\376\377\155\361\136\246\227\142\213\325\230\230\116\016\211\343\173\124}{chapter.1}% 12
\BOOKMARK [2][-]{subsection.1.6.1}{\376\377\127\372\170\100\151\202\137\365}{section.1.6}% 13
\BOOKMARK [2][-]{subsection.1.6.2}{\376\377\217\333\226\066\123\237\164\006}{section.1.6}% 14
\BOOKMARK [2][-]{subsection.1.6.3}{\376\377\135\345\172\013\133\236\142\030}{section.1.6}% 15
\BOOKMARK [2][-]{subsection.1.6.4}{\376\377\127\121\160\271\122\006\147\220}{section.1.6}% 16
\BOOKMARK [1][-]{section.1.7}{\376\377\117\030\177\072\160\271\133\371\153\324\210\150}{chapter.1}% 17
\BOOKMARK [1][-]{section.1.8}{\376\377\123\302\200\003\145\207\163\056\116\016\142\323\134\125}{chapter.1}% 18
\BOOKMARK [0][-]{chapter.2}{\376\377\000C\000n\000n}{}% 19
\BOOKMARK [1][-]{section.2.1}{\376\377\150\070\137\303\133\232\116\111}{chapter.2}% 20
\BOOKMARK [1][-]{section.2.2}{\376\377\150\070\137\303\123\237\164\006\116\016\136\225\134\102\220\073\217\221}{chapter.2}% 21
\BOOKMARK [2][-]{subsection.2.2.1}{\376\377\145\160\143\156\155\101\124\021\173\200\217\360}{section.2.2}% 22
\BOOKMARK [2][-]{subsection.2.2.2}{\376\377\173\227\154\325\142\147\210\114\153\145\136\217}{section.2.2}% 23
\BOOKMARK [1][-]{section.2.3}{\376\377\116\045\214\050\145\160\133\146\121\154\137\017\116\016\143\250\133\374}{chapter.2}% 24
\BOOKMARK [1][-]{section.2.4}{\376\377\152\041\127\213\176\323\147\204\000/\147\266\147\204\171\072\141\017\126\376}{chapter.2}% 25
\BOOKMARK [1][-]{section.2.5}{\376\377\121\163\225\056\116\343\170\001\162\107\153\265\000\040\000\050\000P\000y\000T\000o\000r\000c\000h\133\236\163\260\000\051}{chapter.2}% 26
\BOOKMARK [1][-]{section.2.6}{\376\377\155\361\136\246\227\142\213\325\230\230\116\016\211\343\173\124}{chapter.2}% 27
\BOOKMARK [2][-]{subsection.2.6.1}{\376\377\127\372\170\100\151\202\137\365}{section.2.6}% 28
\BOOKMARK [2][-]{subsection.2.6.2}{\376\377\217\333\226\066\123\237\164\006}{section.2.6}% 29
\BOOKMARK [2][-]{subsection.2.6.3}{\376\377\135\345\172\013\133\236\142\030}{section.2.6}% 30
\BOOKMARK [2][-]{subsection.2.6.4}{\376\377\127\121\160\271\122\006\147\220}{section.2.6}% 31
\BOOKMARK [1][-]{section.2.7}{\376\377\117\030\177\072\160\271\116\016\220\002\165\050\127\072\146\157}{chapter.2}% 32
\BOOKMARK [1][-]{section.2.8}{\376\377\123\302\200\003\145\207\163\056\116\016\142\323\134\125}{chapter.2}% 33
\BOOKMARK [0][-]{chapter.3}{\376\377\000D\000i\000f\000f\000u\000s\000i\000o\000n}{}% 34
\BOOKMARK [1][-]{section.3.1}{\376\377\150\070\137\303\133\232\116\111}{chapter.3}% 35
\BOOKMARK [1][-]{section.3.2}{\376\377\150\070\137\303\123\237\164\006\377\032\122\115\124\021\116\016\123\315\124\021\217\307\172\013}{chapter.3}% 36
\BOOKMARK [2][-]{subsection.3.2.1}{\376\377\0001\000.\000\040\122\115\124\021\217\307\172\013\000\040\000\050\000F\000o\000r\000w\000a\000r\000d\000\040\000D\000i\000f\000f\000u\000s\000i\000o\000n\000\051}{section.3.2}% 37
\BOOKMARK [2][-]{subsection.3.2.2}{\376\377\0002\000.\000\040\123\315\124\021\217\307\172\013\000\040\000\050\000R\000e\000v\000e\000r\000s\000e\000\040\000D\000e\000n\000o\000i\000s\000i\000n\000g\000\051}{section.3.2}% 38
\BOOKMARK [1][-]{section.3.3}{\376\377\213\255\176\303\166\356\150\007\121\375\145\160}{chapter.3}% 39
\BOOKMARK [1][-]{section.3.4}{\376\377\152\041\127\213\176\323\147\204\377\032\145\366\225\364\145\117\141\037\127\213\000\040\000U\000-\000N\000e\000t}{chapter.3}% 40
\BOOKMARK [1][-]{section.3.5}{\376\377\121\163\225\056\116\343\170\001\162\107\153\265\000\040\000\050\000P\000y\000T\000o\000r\000c\000h\173\200\123\026\133\236\163\260\000\051}{chapter.3}% 41
\BOOKMARK [1][-]{section.3.6}{\376\377\155\361\136\246\227\142\213\325\230\230\116\016\211\343\173\124}{chapter.3}% 42
\BOOKMARK [2][-]{subsection.3.6.1}{\376\377\127\372\170\100\151\202\137\365}{section.3.6}% 43
\BOOKMARK [2][-]{subsection.3.6.2}{\376\377\217\333\226\066\123\237\164\006}{section.3.6}% 44
\BOOKMARK [2][-]{subsection.3.6.3}{\376\377\135\345\172\013\133\236\142\030}{section.3.6}% 45
\BOOKMARK [2][-]{subsection.3.6.4}{\376\377\127\121\160\271\122\006\147\220}{section.3.6}% 46
\BOOKMARK [1][-]{section.3.7}{\376\377\165\037\142\020\152\041\127\213\152\052\124\021\133\371\153\324\210\150}{chapter.3}% 47
\BOOKMARK [1][-]{section.3.8}{\376\377\123\302\200\003\145\207\163\056\116\016\142\323\134\125}{chapter.3}% 48
\BOOKMARK [0][-]{chapter.4}{\376\377\000G\000a\000n}{}% 49
\BOOKMARK [1][-]{section.4.1}{\376\377\150\070\137\303\133\232\116\111}{chapter.4}% 50
\BOOKMARK [1][-]{section.4.2}{\376\377\150\070\137\303\123\237\164\006\377\032\226\366\124\214\123\132\137\010}{chapter.4}% 51
\BOOKMARK [2][-]{subsection.4.2.1}{\376\377\0001\000.\000\040\166\356\150\007\121\375\145\160}{section.4.2}% 52
\BOOKMARK [2][-]{subsection.4.2.2}{\376\377\0002\000.\000\040\213\255\176\303\217\307\172\013}{section.4.2}% 53
\BOOKMARK [1][-]{section.4.3}{\376\377\152\041\127\213\176\323\147\204\171\072\141\017\126\376}{chapter.4}% 54
\BOOKMARK [1][-]{section.4.4}{\376\377\121\163\225\056\116\343\170\001\162\107\153\265\000\040\000\050\000P\000y\000T\000o\000r\000c\000h\133\236\163\260\000\051}{chapter.4}% 55
\BOOKMARK [1][-]{section.4.5}{\376\377\155\361\136\246\227\142\213\325\230\230\116\016\211\343\173\124}{chapter.4}% 56
\BOOKMARK [2][-]{subsection.4.5.1}{\376\377\127\372\170\100\151\202\137\365}{section.4.5}% 57
\BOOKMARK [2][-]{subsection.4.5.2}{\376\377\217\333\226\066\123\237\164\006}{section.4.5}% 58
\BOOKMARK [2][-]{subsection.4.5.3}{\376\377\135\345\172\013\133\236\142\030}{section.4.5}% 59
\BOOKMARK [2][-]{subsection.4.5.4}{\376\377\127\121\160\271\122\006\147\220}{section.4.5}% 60
\BOOKMARK [1][-]{section.4.6}{\376\377\000G\000A\000N\000\040\123\330\117\123\133\371\153\324\210\150}{chapter.4}% 61
\BOOKMARK [1][-]{section.4.7}{\376\377\123\302\200\003\145\207\163\056\116\016\142\323\134\125}{chapter.4}% 62
\BOOKMARK [0][-]{chapter.5}{\376\377\000I\000n\000f\000o\000r\000m\000a\000t\000i\000o\000n\000\137\000t\000h\000e\000o\000r\000y}{}% 63
\BOOKMARK [1][-]{section.5.1}{\376\377\150\070\137\303\133\232\116\111}{chapter.5}% 64
\BOOKMARK [1][-]{section.5.2}{\376\377\150\070\137\303\210\141\221\317\143\007\150\007}{chapter.5}% 65
\BOOKMARK [2][-]{subsection.5.2.1}{\376\377\0001\000.\000\040\201\352\117\341\140\157\000\040\000\050\000S\000e\000l\000f\000-\000I\000n\000f\000o\000r\000m\000a\000t\000i\000o\000n\000\051}{section.5.2}% 66
\BOOKMARK [2][-]{subsection.5.2.2}{\376\377\0002\000.\000\040\117\341\140\157\161\265\000\040\000\050\000E\000n\000t\000r\000o\000p\000y\000\051}{section.5.2}% 67
\BOOKMARK [2][-]{subsection.5.2.3}{\376\377\0003\000.\000\040\166\370\133\371\161\265\000\040\000/\000\040\000K\000L\000\040\145\143\136\246\000\040\000\050\000R\000e\000l\000a\000t\000i\000v\000e\000\040\000E\000n\000t\000r\000o\000p\000y\000\040\000/\000\040\000K\000L\000\040\000D\000i\000v\000e\000r\000g\000e\000n\000c\000e\000\051}{section.5.2}% 68
\BOOKMARK [2][-]{subsection.5.2.4}{\376\377\0004\000.\000\040\116\244\123\311\161\265\000\040\000\050\000C\000r\000o\000s\000s\000-\000E\000n\000t\000r\000o\000p\000y\000\051}{section.5.2}% 69
\BOOKMARK [2][-]{subsection.5.2.5}{\376\377\0005\000.\000\040\116\222\117\341\140\157\000\040\000\050\000M\000u\000t\000u\000a\000l\000\040\000I\000n\000f\000o\000r\000m\000a\000t\000i\000o\000n\000\051}{section.5.2}% 70
\BOOKMARK [1][-]{section.5.3}{\376\377\117\341\140\157\213\272\116\016\155\361\136\246\133\146\116\140\166\204\121\163\174\373}{chapter.5}% 71
\BOOKMARK [1][-]{section.5.4}{\376\377\151\202\137\365\220\073\217\221\121\163\174\373\126\376}{chapter.5}% 72
\BOOKMARK [1][-]{section.5.5}{\376\377\116\343\170\001\162\107\153\265\000\040\000\050\161\265\116\016\000\040\000K\000L\000\040\145\143\136\246\213\241\173\227\000\051}{chapter.5}% 73
\BOOKMARK [1][-]{section.5.6}{\376\377\155\361\136\246\227\142\213\325\230\230\116\016\211\343\173\124}{chapter.5}% 74
\BOOKMARK [2][-]{subsection.5.6.1}{\376\377\127\372\170\100\151\202\137\365}{section.5.6}% 75
\BOOKMARK [2][-]{subsection.5.6.2}{\376\377\217\333\226\066\123\237\164\006}{section.5.6}% 76
\BOOKMARK [2][-]{subsection.5.6.3}{\376\377\135\345\172\013\133\236\142\030}{section.5.6}% 77
\BOOKMARK [1][-]{section.5.7}{\376\377\143\007\150\007\133\371\153\324\140\073\176\323\210\150}{chapter.5}% 78
\BOOKMARK [1][-]{section.5.8}{\376\377\123\302\200\003\145\207\163\056\116\016\142\323\134\125}{chapter.5}% 79
\BOOKMARK [0][-]{chapter.6}{\376\377\000L\000o\000s\000s\000\137\000f\000u\000n\000c\000t\000i\000o\000n\000s}{}% 80
\BOOKMARK [1][-]{section.6.1}{\376\377\150\070\137\303\133\232\116\111}{chapter.6}% 81
\BOOKMARK [1][-]{section.6.2}{\376\377\136\070\165\050\143\137\131\061\121\375\145\160\213\346\211\343}{chapter.6}% 82
\BOOKMARK [2][-]{subsection.6.2.1}{\376\377\0001\000.\000\040\127\107\145\271\213\357\135\356\000\040\000\050\000M\000S\000E\000\051}{section.6.2}% 83
\BOOKMARK [2][-]{subsection.6.2.2}{\376\377\0002\000.\000\040\116\214\121\103\116\244\123\311\161\265\000\040\000\050\000B\000i\000n\000a\000r\000y\000\040\000C\000r\000o\000s\000s\000\040\000E\000n\000t\000r\000o\000p\000y\000\051}{section.6.2}% 84
\BOOKMARK [2][-]{subsection.6.2.3}{\376\377\0003\000.\000\040\116\244\123\311\161\265\000\040\000\050\000C\000a\000t\000e\000g\000o\000r\000i\000c\000a\000l\000\040\000C\000r\000o\000s\000s\000\040\000E\000n\000t\000r\000o\000p\000y\000\051}{section.6.2}% 85
\BOOKMARK [2][-]{subsection.6.2.4}{\376\377\0004\000.\000\040\000K\000L\000\040\145\143\136\246\000\040\000\050\000K\000u\000l\000l\000b\000a\000c\000k\000-\000L\000e\000i\000b\000l\000e\000r\000\040\000D\000i\000v\000e\000r\000g\000e\000n\000c\000e\000\051}{section.6.2}% 86
\BOOKMARK [2][-]{subsection.6.2.5}{\376\377\0005\000.\000\040\000S\000m\000o\000o\000t\000h\000\040\000L\0001\000\040\143\137\131\061\000\040\000\050\000H\000u\000b\000e\000r\000\040\000L\000o\000s\000s\000\051}{section.6.2}% 87
\BOOKMARK [1][-]{section.6.3}{\376\377\123\315\124\021\117\040\144\255\116\055\166\204\211\322\202\162}{chapter.6}% 88
\BOOKMARK [1][-]{section.6.4}{\376\377\121\170\127\213\147\266\147\204\171\072\141\017\126\376}{chapter.6}% 89
\BOOKMARK [1][-]{section.6.5}{\376\377\121\163\225\056\116\343\170\001\162\107\153\265\000\040\000\050\000P\000y\000T\000o\000r\000c\000h\133\236\163\260\000\051}{chapter.6}% 90
\BOOKMARK [1][-]{section.6.6}{\376\377\155\361\136\246\227\142\213\325\230\230\116\016\211\343\173\124}{chapter.6}% 91
\BOOKMARK [2][-]{subsection.6.6.1}{\376\377\127\372\170\100\151\202\137\365}{section.6.6}% 92
\BOOKMARK [2][-]{subsection.6.6.2}{\376\377\217\333\226\066\123\237\164\006}{section.6.6}% 93
\BOOKMARK [2][-]{subsection.6.6.3}{\376\377\135\345\172\013\133\236\142\030}{section.6.6}% 94
\BOOKMARK [2][-]{subsection.6.6.4}{\376\377\127\121\160\271\122\006\147\220}{section.6.6}% 95
\BOOKMARK [1][-]{section.6.7}{\376\377\143\137\131\061\121\375\145\160\133\371\153\324\140\073\176\323\210\150}{chapter.6}% 96
\BOOKMARK [1][-]{section.6.8}{\376\377\123\302\200\003\145\207\163\056\116\016\142\323\134\125}{chapter.6}% 97
\BOOKMARK [0][-]{chapter.7}{\376\377\000M\000l\000p}{}% 98
\BOOKMARK [1][-]{section.7.1}{\376\377\150\070\137\303\133\232\116\111}{chapter.7}% 99
\BOOKMARK [1][-]{section.7.2}{\376\377\150\070\137\303\123\237\164\006\116\016\213\241\173\227\217\307\172\013}{chapter.7}% 100
\BOOKMARK [2][-]{subsection.7.2.1}{\376\377\0001\000.\000\040\134\102\176\247\176\323\147\204}{section.7.2}% 101
\BOOKMARK [2][-]{subsection.7.2.2}{\376\377\0002\000.\000\040\213\241\173\227\121\154\137\017}{section.7.2}% 102
\BOOKMARK [2][-]{subsection.7.2.3}{\376\377\0003\000.\000\040\220\032\165\050\217\321\117\074\133\232\164\006\000\040\000\050\000U\000n\000i\000v\000e\000r\000s\000a\000l\000\040\000A\000p\000p\000r\000o\000x\000i\000m\000a\000t\000i\000o\000n\000\040\000T\000h\000e\000o\000r\000e\000m\000\051}{section.7.2}% 103
\BOOKMARK [1][-]{section.7.3}{\376\377\152\041\127\213\176\323\147\204\171\072\141\017\126\376}{chapter.7}% 104
\BOOKMARK [1][-]{section.7.4}{\376\377\121\163\225\056\116\343\170\001\162\107\153\265\000\040\000\050\000P\000y\000T\000o\000r\000c\000h\133\236\163\260\000\051}{chapter.7}% 105
\BOOKMARK [1][-]{section.7.5}{\376\377\155\361\136\246\227\142\213\325\230\230\116\016\211\343\173\124}{chapter.7}% 106
\BOOKMARK [2][-]{subsection.7.5.1}{\376\377\127\372\170\100\151\202\137\365}{section.7.5}% 107
\BOOKMARK [2][-]{subsection.7.5.2}{\376\377\217\333\226\066\123\237\164\006}{section.7.5}% 108
\BOOKMARK [2][-]{subsection.7.5.3}{\376\377\135\345\172\013\133\236\142\030}{section.7.5}% 109
\BOOKMARK [2][-]{subsection.7.5.4}{\376\377\127\121\160\271\122\006\147\220}{section.7.5}% 110
\BOOKMARK [1][-]{section.7.6}{\376\377\000M\000L\000P\000\040\116\016\121\166\116\326\152\041\127\213\133\371\153\324\210\150}{chapter.7}% 111
\BOOKMARK [1][-]{section.7.7}{\376\377\123\302\200\003\145\207\163\056\116\016\142\323\134\125}{chapter.7}% 112
\BOOKMARK [0][-]{chapter.8}{\376\377\000P\000o\000s\000i\000t\000i\000o\000n\000a\000l\000\137\000e\000n\000c\000o\000d\000i\000n\000g}{}% 113
\BOOKMARK [1][-]{section.8.1}{\376\377\150\070\137\303\200\314\146\157\377\032\177\156\143\142\116\015\123\330\140\047}{chapter.8}% 114
\BOOKMARK [1][-]{section.8.2}{\376\377\176\335\133\371\117\115\177\156\177\026\170\001\000\040\000\050\000A\000b\000s\000o\000l\000u\000t\000e\000\040\000P\000E\000\051}{chapter.8}% 115
\BOOKMARK [2][-]{subsection.8.2.1}{\376\377\0001\000.\000\040\153\143\117\131\137\046\126\372\133\232\177\026\170\001\000\040\000\050\000S\000i\000n\000u\000s\000o\000i\000d\000a\000l\000\051}{section.8.2}% 116
\BOOKMARK [2][-]{subsection.8.2.2}{\376\377\0002\000.\000\040\123\357\133\146\116\140\177\026\170\001\000\040\000\050\000L\000e\000a\000r\000n\000e\000d\000\040\000E\000m\000b\000e\000d\000d\000i\000n\000g\000\051}{section.8.2}% 117
\BOOKMARK [1][-]{section.8.3}{\376\377\166\370\133\371\117\115\177\156\177\026\170\001\000\040\000\050\000R\000e\000l\000a\000t\000i\000v\000e\000\040\000P\000E\000\051}{chapter.8}% 118
\BOOKMARK [2][-]{subsection.8.3.1}{\376\377\0001\000.\000\040\000S\000h\000a\000w\000'\000s\000\040\000R\000P\000E}{section.8.3}% 119
\BOOKMARK [2][-]{subsection.8.3.2}{\376\377\0002\000.\000\040\000T\000r\000a\000n\000s\000f\000o\000r\000m\000e\000r\000-\000X\000L}{section.8.3}% 120
\BOOKMARK [1][-]{section.8.4}{\376\377\145\313\217\154\117\115\177\156\135\114\121\145\000\040\000\050\000R\000o\000P\000E\000,\000\040\000R\000o\000t\000a\000r\000y\000\040\000P\000E\000\051}{chapter.8}% 121
\BOOKMARK [1][-]{section.8.5}{\376\377\176\277\140\047\120\117\177\156\154\350\141\017\122\233\000\040\000\050\000A\000L\000i\000B\000i\000\051}{chapter.8}% 122
\BOOKMARK [1][-]{section.8.6}{\376\377\140\073\176\323\116\016\133\371\153\324\210\150}{chapter.8}% 123
\BOOKMARK [1][-]{section.8.7}{\376\377\121\163\225\056\116\343\170\001\162\107\153\265\000\040\000\050\000R\000o\000P\000E\000\040\173\200\123\026\133\236\163\260\000\051}{chapter.8}% 124
\BOOKMARK [1][-]{section.8.8}{\376\377\155\361\136\246\227\142\213\325\230\230}{chapter.8}% 125
\BOOKMARK [0][-]{chapter.9}{\376\377\000R\000n\000n}{}% 126
\BOOKMARK [1][-]{section.9.1}{\376\377\150\070\137\303\133\232\116\111}{chapter.9}% 127
\BOOKMARK [1][-]{section.9.2}{\376\377\150\070\137\303\123\237\164\006\116\016\136\070\165\050\123\330\117\123}{chapter.9}% 128
\BOOKMARK [2][-]{subsection.9.2.1}{\376\377\0001\000.\000\040\000V\000a\000n\000i\000l\000l\000a\000\040\000R\000N\000N\000\040\000\050\127\372\170\100\137\252\163\257\177\121\176\334\000\051}{section.9.2}% 129
\BOOKMARK [2][-]{subsection.9.2.2}{\376\377\0002\000.\000\040\000L\000S\000T\000M\000\040\000\050\000L\000o\000n\000g\000\040\000S\000h\000o\000r\000t\000-\000T\000e\000r\000m\000\040\000M\000e\000m\000o\000r\000y\000\051}{section.9.2}% 130
\BOOKMARK [2][-]{subsection.9.2.3}{\376\377\0003\000.\000\040\000G\000R\000U\000\040\000\050\000G\000a\000t\000e\000d\000\040\000R\000e\000c\000u\000r\000r\000e\000n\000t\000\040\000U\000n\000i\000t\000\051}{section.9.2}% 131
\BOOKMARK [1][-]{section.9.3}{\376\377\121\170\127\213\147\266\147\204\171\072\141\017\126\376}{chapter.9}% 132
\BOOKMARK [1][-]{section.9.4}{\376\377\145\160\133\146\143\250\133\374\377\032\000B\000P\000T\000T\000\040\173\227\154\325}{chapter.9}% 133
\BOOKMARK [1][-]{section.9.5}{\376\377\121\163\225\056\116\343\170\001\162\107\153\265\000\040\000\050\000P\000y\000T\000o\000r\000c\000h\133\236\163\260\000\051}{chapter.9}% 134
\BOOKMARK [1][-]{section.9.6}{\376\377\155\361\136\246\227\142\213\325\230\230\116\016\211\343\173\124}{chapter.9}% 135
\BOOKMARK [2][-]{subsection.9.6.1}{\376\377\127\372\170\100\151\202\137\365}{section.9.6}% 136
\BOOKMARK [2][-]{subsection.9.6.2}{\376\377\217\333\226\066\123\237\164\006}{section.9.6}% 137
\BOOKMARK [2][-]{subsection.9.6.3}{\376\377\135\345\172\013\133\236\142\030}{section.9.6}% 138
\BOOKMARK [2][-]{subsection.9.6.4}{\376\377\127\121\160\271\122\006\147\220}{section.9.6}% 139
\BOOKMARK [1][-]{section.9.7}{\376\377\000R\000N\000N\000\040\000v\000s\000\040\000T\000r\000a\000n\000s\000f\000o\000r\000m\000e\000r}{chapter.9}% 140
\BOOKMARK [1][-]{section.9.8}{\376\377\123\302\200\003\145\207\163\056\116\016\142\323\134\125}{chapter.9}% 141
\BOOKMARK [0][-]{chapter.10}{\376\377\000T\000r\000a\000n\000s\000f\000o\000r\000m\000e\000r}{}% 142
\BOOKMARK [1][-]{section.10.1}{\376\377\150\070\137\303\133\232\116\111}{chapter.10}% 143
\BOOKMARK [1][-]{section.10.2}{\376\377\150\070\137\303\123\237\164\006\116\016\136\225\134\102\220\073\217\221}{chapter.10}% 144
\BOOKMARK [2][-]{subsection.10.2.1}{\376\377\145\160\143\156\155\101\124\021\173\200\217\360}{section.10.2}% 145
\BOOKMARK [2][-]{subsection.10.2.2}{\376\377\173\227\154\325\142\147\210\114\153\145\136\217}{section.10.2}% 146
\BOOKMARK [1][-]{section.10.3}{\376\377\116\045\214\050\145\160\133\146\121\154\137\017\116\016\143\250\133\374}{chapter.10}% 147
\BOOKMARK [1][-]{section.10.4}{\376\377\152\041\127\213\176\323\147\204\000/\147\266\147\204\171\072\141\017\126\376}{chapter.10}% 148
\BOOKMARK [1][-]{section.10.5}{\376\377\121\163\225\056\116\343\170\001\162\107\153\265\000\040\000\050\000P\000y\000T\000o\000r\000c\000h\133\236\163\260\000\051}{chapter.10}% 149
\BOOKMARK [1][-]{section.10.6}{\376\377\155\361\136\246\227\142\213\325\230\230\116\016\211\343\173\124}{chapter.10}% 150
\BOOKMARK [2][-]{subsection.10.6.1}{\376\377\127\372\170\100\151\202\137\365}{section.10.6}% 151
\BOOKMARK [2][-]{subsection.10.6.2}{\376\377\217\333\226\066\123\237\164\006}{section.10.6}% 152
\BOOKMARK [2][-]{subsection.10.6.3}{\376\377\135\345\172\013\133\236\142\030}{section.10.6}% 153
\BOOKMARK [2][-]{subsection.10.6.4}{\376\377\127\121\160\271\122\006\147\220}{section.10.6}% 154
\BOOKMARK [1][-]{section.10.7}{\376\377\117\030\177\072\160\271\116\016\220\002\165\050\127\072\146\157}{chapter.10}% 155
\BOOKMARK [1][-]{section.10.8}{\376\377\123\302\200\003\145\207\163\056\116\016\142\323\134\125}{chapter.10}% 156
\BOOKMARK [0][-]{chapter.11}{\376\377\000V\000a\000e}{}% 157
\BOOKMARK [1][-]{section.11.1}{\376\377\150\070\137\303\133\232\116\111}{chapter.11}% 158
\BOOKMARK [1][-]{section.11.2}{\376\377\150\070\137\303\123\237\164\006\377\032\157\134\127\050\172\172\225\364\123\302\145\160\123\026}{chapter.11}% 159
\BOOKMARK [2][-]{subsection.11.2.1}{\376\377\0001\000.\000\040\176\323\147\204\176\304\142\020}{section.11.2}% 160
\BOOKMARK [2][-]{subsection.11.2.2}{\376\377\0002\000.\000\040\221\315\123\302\145\160\123\026\142\200\135\347\000\040\000\050\000R\000e\000p\000a\000r\000a\000m\000e\000t\000e\000r\000i\000z\000a\000t\000i\000o\000n\000\040\000T\000r\000i\000c\000k\000\051}{section.11.2}% 161
\BOOKMARK [1][-]{section.11.3}{\376\377\143\137\131\061\121\375\145\160\377\032\000E\000L\000B\000O}{chapter.11}% 162
\BOOKMARK [1][-]{section.11.4}{\376\377\152\041\127\213\176\323\147\204\171\072\141\017\126\376}{chapter.11}% 163
\BOOKMARK [1][-]{section.11.5}{\376\377\121\163\225\056\116\343\170\001\162\107\153\265\000\040\000\050\000P\000y\000T\000o\000r\000c\000h\133\236\163\260\000\051}{chapter.11}% 164
\BOOKMARK [1][-]{section.11.6}{\376\377\155\361\136\246\227\142\213\325\230\230\116\016\211\343\173\124}{chapter.11}% 165
\BOOKMARK [2][-]{subsection.11.6.1}{\376\377\127\372\170\100\151\202\137\365}{section.11.6}% 166
\BOOKMARK [2][-]{subsection.11.6.2}{\376\377\217\333\226\066\123\237\164\006}{section.11.6}% 167
\BOOKMARK [2][-]{subsection.11.6.3}{\376\377\135\345\172\013\133\236\142\030}{section.11.6}% 168
\BOOKMARK [2][-]{subsection.11.6.4}{\376\377\127\121\160\271\122\006\147\220}{section.11.6}% 169
\BOOKMARK [1][-]{section.11.7}{\376\377\000A\000E\000\040\000v\000s\000\040\000V\000A\000E\000\040\133\371\153\324\210\150}{chapter.11}% 170
\BOOKMARK [1][-]{section.11.8}{\376\377\123\302\200\003\145\207\163\056\116\016\142\323\134\125}{chapter.11}% 171
